This file contains any messages produced by compilers while
running configure, to aid debugging if configure makes a mistake.

It was created by Chocolate Doom configure 2.2.1, which was
generated by GNU Autoconf 2.71.  Invocation command line was

  $ ./configure CC=/opt/miyoo/bin/arm-linux-gcc --host --host-alias 'LIBS=-L/opt/miyoo/bin/../arm-miyoo-linux-uclibcgnueabi/sysroot/usr/lib -lSDL -lpthread -lpthread -lm -lasound -lm -ldl -lpthread -lts -lSDL_mixer -L/opt/miyoo/bin/../arm-miyoo-linux-uclibcgnueabi/sysroot/home/runner/work/MiyooCFW/MiyooCFW/buildroot/output/per-package/sdl_mixer/host/arm-miyoo-linux-uclibcgnueabi/sysroot/usr/bin/../../usr/lib -lmikmod -lm -lmad -lSDL -lpthread -lSDL -lpthread -lm -lasound -lm -ldl -lpthread -lts -lpthread -L/opt/miyoo/bin/../arm-miyoo-linux-uclibcgnueabi/sysroot/usr/lib -lvorbisidec -L/opt/miyoo/bin/../arm-miyoo-linux-uclibcgnueabi/sysroot/usr/lib -logg -lmpg123 ' 'CFLAGS=-I/opt/miyoo/bin/../arm-miyoo-linux-uclibcgnueabi/sysroot/usr/include/SDL -D_GNU_SOURCE=1 -D_REENTRANT '

## --------- ##
## Platform. ##
## --------- ##

hostname = 0ecf01cd7b6d
uname -m = x86_64
uname -r = 5.15.146.1-microsoft-standard-WSL2
uname -s = Linux
uname -v = #1 SMP Thu Jan 11 04:09:03 UTC 2024

/usr/bin/uname -p = x86_64
/bin/uname -X     = unknown

/bin/arch              = x86_64
/usr/bin/arch -k       = unknown
/usr/convex/getsysinfo = unknown
/usr/bin/hostinfo      = unknown
/bin/machine           = unknown
/usr/bin/oslevel       = unknown
/bin/universe          = unknown

PATH: /usr/local/sbin/
PATH: /usr/local/bin/
PATH: /usr/sbin/
PATH: /usr/bin/
PATH: /sbin/
PATH: /bin/
PATH: /opt/miyoo/bin/
PATH: /opt/miyoo/arm-miyoo-linux-uclibcgnueabi/sysroot/usr/bin/


## ----------- ##
## Core tests. ##
## ----------- ##

configure:2318: looking for aux files: missing install-sh compile
configure:2331:  trying ./autotools/
configure:2360:   ./autotools/missing found
configure:2342:   ./autotools/install-sh found
configure:2360:   ./autotools/compile found
configure:2501: checking for --host-alias-gcc
configure:2533: result: /opt/miyoo/bin/arm-linux-gcc
configure:2931: checking for C compiler version
configure:2940: /opt/miyoo/bin/arm-linux-gcc --version >&5
arm-linux-gcc.br_real (Buildroot -g67d5f04f) 9.4.0
Copyright (C) 2019 Free Software Foundation, Inc.
This is free software; see the source for copying conditions.  There is NO
warranty; not even for MERCHANTABILITY or FITNESS FOR A PARTICULAR PURPOSE.

configure:2951: $? = 0
configure:2940: /opt/miyoo/bin/arm-linux-gcc -v >&5
Using built-in specs.
COLLECT_GCC=/opt/miyoo/bin/arm-linux-gcc.br_real
COLLECT_LTO_WRAPPER=/opt/miyoo/bin/../libexec/gcc/arm-miyoo-linux-uclibcgnueabi/9.4.0/lto-wrapper
Target: arm-miyoo-linux-uclibcgnueabi
Configured with: ./configure --prefix=/home/runner/work/MiyooCFW/MiyooCFW/buildroot/output/per-package/host-gcc-final/host --sysconfdir=/home/runner/work/MiyooCFW/MiyooCFW/buildroot/output/per-package/host-gcc-final/host/etc --enable-static --target=arm-miyoo-linux-uclibcgnueabi --with-sysroot=/home/runner/work/MiyooCFW/MiyooCFW/buildroot/output/per-package/host-gcc-final/host/arm-miyoo-linux-uclibcgnueabi/sysroot --enable-__cxa_atexit --with-gnu-ld --disable-libssp --disable-multilib --disable-decimal-float --with-gmp=/home/runner/work/MiyooCFW/MiyooCFW/buildroot/output/per-package/host-gcc-final/host --with-mpc=/home/runner/work/MiyooCFW/MiyooCFW/buildroot/output/per-package/host-gcc-final/host --with-mpfr=/home/runner/work/MiyooCFW/MiyooCFW/buildroot/output/per-package/host-gcc-final/host --with-pkgversion='Buildroot -g67d5f04f' --with-bugurl=http://bugs.buildroot.net/ --without-zstd --disable-libquadmath --disable-libquadmath-support --disable-libsanitizer --enable-tls --enable-plugins --enable-lto --enable-threads --without-isl --without-cloog --with-float=soft --with-abi=aapcs-linux --with-cpu=arm926ej-s --with-float=soft --with-mode=arm --enable-languages=c,c++ --with-build-time-tools=/home/runner/work/MiyooCFW/MiyooCFW/buildroot/output/per-package/host-gcc-final/host/arm-miyoo-linux-uclibcgnueabi/bin --disable-shared --disable-libgomp
Thread model: posix
gcc version 9.4.0 (Buildroot -g67d5f04f) 
configure:2951: $? = 0
configure:2940: /opt/miyoo/bin/arm-linux-gcc -V >&5
arm-linux-gcc.br_real: error: unrecognized command line option '-V'
arm-linux-gcc.br_real: fatal error: no input files
compilation terminated.
configure:2951: $? = 1
configure:2940: /opt/miyoo/bin/arm-linux-gcc -qversion >&5
arm-linux-gcc.br_real: error: unrecognized command line option '-qversion'; did you mean '--version'?
arm-linux-gcc.br_real: fatal error: no input files
compilation terminated.
configure:2951: $? = 1
configure:2940: /opt/miyoo/bin/arm-linux-gcc -version >&5
arm-linux-gcc.br_real: error: unrecognized command line option '-version'
arm-linux-gcc.br_real: fatal error: no input files
compilation terminated.
configure:2951: $? = 1
configure:2971: checking whether the C compiler works
configure:2993: /opt/miyoo/bin/arm-linux-gcc -I/opt/miyoo/bin/../arm-miyoo-linux-uclibcgnueabi/sysroot/usr/include/SDL -D_GNU_SOURCE=1 -D_REENTRANT    conftest.c -L/opt/miyoo/bin/../arm-miyoo-linux-uclibcgnueabi/sysroot/usr/lib -lSDL -lpthread -lpthread -lm -lasound -lm -ldl -lpthread -lts -lSDL_mixer -L/opt/miyoo/bin/../arm-miyoo-linux-uclibcgnueabi/sysroot/home/runner/work/MiyooCFW/MiyooCFW/buildroot/output/per-package/sdl_mixer/host/arm-miyoo-linux-uclibcgnueabi/sysroot/usr/bin/../../usr/lib -lmikmod -lm -lmad -lSDL -lpthread -lSDL -lpthread -lm -lasound -lm -ldl -lpthread -lts -lpthread -L/opt/miyoo/bin/../arm-miyoo-linux-uclibcgnueabi/sysroot/usr/lib -lvorbisidec -L/opt/miyoo/bin/../arm-miyoo-linux-uclibcgnueabi/sysroot/usr/lib -logg -lmpg123  >&5
configure:2997: $? = 0
configure:3047: result: yes
configure:3050: checking for C compiler default output file name
configure:3052: result: a.out
configure:3058: checking for suffix of executables
configure:3065: /opt/miyoo/bin/arm-linux-gcc -o conftest -I/opt/miyoo/bin/../arm-miyoo-linux-uclibcgnueabi/sysroot/usr/include/SDL -D_GNU_SOURCE=1 -D_REENTRANT    conftest.c -L/opt/miyoo/bin/../arm-miyoo-linux-uclibcgnueabi/sysroot/usr/lib -lSDL -lpthread -lpthread -lm -lasound -lm -ldl -lpthread -lts -lSDL_mixer -L/opt/miyoo/bin/../arm-miyoo-linux-uclibcgnueabi/sysroot/home/runner/work/MiyooCFW/MiyooCFW/buildroot/output/per-package/sdl_mixer/host/arm-miyoo-linux-uclibcgnueabi/sysroot/usr/bin/../../usr/lib -lmikmod -lm -lmad -lSDL -lpthread -lSDL -lpthread -lm -lasound -lm -ldl -lpthread -lts -lpthread -L/opt/miyoo/bin/../arm-miyoo-linux-uclibcgnueabi/sysroot/usr/lib -lvorbisidec -L/opt/miyoo/bin/../arm-miyoo-linux-uclibcgnueabi/sysroot/usr/lib -logg -lmpg123  >&5
configure:3069: $? = 0
configure:3092: result: 
configure:3114: checking whether we are cross compiling
configure:3122: /opt/miyoo/bin/arm-linux-gcc -o conftest -I/opt/miyoo/bin/../arm-miyoo-linux-uclibcgnueabi/sysroot/usr/include/SDL -D_GNU_SOURCE=1 -D_REENTRANT    conftest.c -L/opt/miyoo/bin/../arm-miyoo-linux-uclibcgnueabi/sysroot/usr/lib -lSDL -lpthread -lpthread -lm -lasound -lm -ldl -lpthread -lts -lSDL_mixer -L/opt/miyoo/bin/../arm-miyoo-linux-uclibcgnueabi/sysroot/home/runner/work/MiyooCFW/MiyooCFW/buildroot/output/per-package/sdl_mixer/host/arm-miyoo-linux-uclibcgnueabi/sysroot/usr/bin/../../usr/lib -lmikmod -lm -lmad -lSDL -lpthread -lSDL -lpthread -lm -lasound -lm -ldl -lpthread -lts -lpthread -L/opt/miyoo/bin/../arm-miyoo-linux-uclibcgnueabi/sysroot/usr/lib -lvorbisidec -L/opt/miyoo/bin/../arm-miyoo-linux-uclibcgnueabi/sysroot/usr/lib -logg -lmpg123  >&5
configure:3126: $? = 0
configure:3133: ./conftest
./configure: line 3135: ./conftest: cannot execute binary file: Exec format error
configure:3137: $? = 126
configure:3152: result: yes
configure:3157: checking for suffix of object files
configure:3180: /opt/miyoo/bin/arm-linux-gcc -c -I/opt/miyoo/bin/../arm-miyoo-linux-uclibcgnueabi/sysroot/usr/include/SDL -D_GNU_SOURCE=1 -D_REENTRANT   conftest.c >&5
configure:3184: $? = 0
configure:3206: result: o
configure:3210: checking whether the compiler supports GNU C
configure:3230: /opt/miyoo/bin/arm-linux-gcc -c -I/opt/miyoo/bin/../arm-miyoo-linux-uclibcgnueabi/sysroot/usr/include/SDL -D_GNU_SOURCE=1 -D_REENTRANT   conftest.c >&5
configure:3230: $? = 0
configure:3240: result: yes
configure:3251: checking whether /opt/miyoo/bin/arm-linux-gcc accepts -g
configure:3272: /opt/miyoo/bin/arm-linux-gcc -c -g  conftest.c >&5
configure:3272: $? = 0
configure:3316: result: yes
configure:3336: checking for /opt/miyoo/bin/arm-linux-gcc option to enable C11 features
configure:3351: /opt/miyoo/bin/arm-linux-gcc  -c -I/opt/miyoo/bin/../arm-miyoo-linux-uclibcgnueabi/sysroot/usr/include/SDL -D_GNU_SOURCE=1 -D_REENTRANT   conftest.c >&5
configure:3351: $? = 0
configure:3369: result: none needed
configure:3490: checking whether /opt/miyoo/bin/arm-linux-gcc understands -c and -o together
configure:3513: /opt/miyoo/bin/arm-linux-gcc -c conftest.c -o conftest2.o
configure:3516: $? = 0
configure:3513: /opt/miyoo/bin/arm-linux-gcc -c conftest.c -o conftest2.o
configure:3516: $? = 0
configure:3528: result: yes
configure:3548: checking for --host-alias-ranlib
configure:3583: result: no
configure:3593: checking for ranlib
configure:3614: found /usr/bin/ranlib
configure:3625: result: ranlib
configure:3637: WARNING: using cross tools not prefixed with host triplet
configure:3649: checking for python
configure:3670: found /opt/miyoo/bin/python
configure:3682: result: true
configure:3736: checking for stdio.h
configure:3736: /opt/miyoo/bin/arm-linux-gcc -c -O2 -g -Wall -Wdeclaration-after-statement -Wredundant-decls -I/opt/miyoo/bin/../arm-miyoo-linux-uclibcgnueabi/sysroot/usr/include/SDL -D_GNU_SOURCE=1 -D_REENTRANT    conftest.c >&5
configure:3736: $? = 0
configure:3736: result: yes
configure:3736: checking for stdlib.h
configure:3736: /opt/miyoo/bin/arm-linux-gcc -c -O2 -g -Wall -Wdeclaration-after-statement -Wredundant-decls -I/opt/miyoo/bin/../arm-miyoo-linux-uclibcgnueabi/sysroot/usr/include/SDL -D_GNU_SOURCE=1 -D_REENTRANT    conftest.c >&5
configure:3736: $? = 0
configure:3736: result: yes
configure:3736: checking for string.h
configure:3736: /opt/miyoo/bin/arm-linux-gcc -c -O2 -g -Wall -Wdeclaration-after-statement -Wredundant-decls -I/opt/miyoo/bin/../arm-miyoo-linux-uclibcgnueabi/sysroot/usr/include/SDL -D_GNU_SOURCE=1 -D_REENTRANT    conftest.c >&5
configure:3736: $? = 0
configure:3736: result: yes
configure:3736: checking for inttypes.h
configure:3736: /opt/miyoo/bin/arm-linux-gcc -c -O2 -g -Wall -Wdeclaration-after-statement -Wredundant-decls -I/opt/miyoo/bin/../arm-miyoo-linux-uclibcgnueabi/sysroot/usr/include/SDL -D_GNU_SOURCE=1 -D_REENTRANT    conftest.c >&5
configure:3736: $? = 0
configure:3736: result: yes
configure:3736: checking for stdint.h
configure:3736: /opt/miyoo/bin/arm-linux-gcc -c -O2 -g -Wall -Wdeclaration-after-statement -Wredundant-decls -I/opt/miyoo/bin/../arm-miyoo-linux-uclibcgnueabi/sysroot/usr/include/SDL -D_GNU_SOURCE=1 -D_REENTRANT    conftest.c >&5
configure:3736: $? = 0
configure:3736: result: yes
configure:3736: checking for strings.h
configure:3736: /opt/miyoo/bin/arm-linux-gcc -c -O2 -g -Wall -Wdeclaration-after-statement -Wredundant-decls -I/opt/miyoo/bin/../arm-miyoo-linux-uclibcgnueabi/sysroot/usr/include/SDL -D_GNU_SOURCE=1 -D_REENTRANT    conftest.c >&5
configure:3736: $? = 0
configure:3736: result: yes
configure:3736: checking for sys/stat.h
configure:3736: /opt/miyoo/bin/arm-linux-gcc -c -O2 -g -Wall -Wdeclaration-after-statement -Wredundant-decls -I/opt/miyoo/bin/../arm-miyoo-linux-uclibcgnueabi/sysroot/usr/include/SDL -D_GNU_SOURCE=1 -D_REENTRANT    conftest.c >&5
configure:3736: $? = 0
configure:3736: result: yes
configure:3736: checking for sys/types.h
configure:3736: /opt/miyoo/bin/arm-linux-gcc -c -O2 -g -Wall -Wdeclaration-after-statement -Wredundant-decls -I/opt/miyoo/bin/../arm-miyoo-linux-uclibcgnueabi/sysroot/usr/include/SDL -D_GNU_SOURCE=1 -D_REENTRANT    conftest.c >&5
configure:3736: $? = 0
configure:3736: result: yes
configure:3736: checking for unistd.h
configure:3736: /opt/miyoo/bin/arm-linux-gcc -c -O2 -g -Wall -Wdeclaration-after-statement -Wredundant-decls -I/opt/miyoo/bin/../arm-miyoo-linux-uclibcgnueabi/sysroot/usr/include/SDL -D_GNU_SOURCE=1 -D_REENTRANT    conftest.c >&5
configure:3736: $? = 0
configure:3736: result: yes
configure:3776: /opt/miyoo/bin/arm-linux-gcc -o conftest -O2 -g -Wall -Wdeclaration-after-statement -Wredundant-decls -I/opt/miyoo/bin/../arm-miyoo-linux-uclibcgnueabi/sysroot/usr/include/SDL -D_GNU_SOURCE=1 -D_REENTRANT      conftest.c -L/opt/miyoo/bin/../arm-miyoo-linux-uclibcgnueabi/sysroot/usr/lib -lSDL -lpthread -lpthread -lm -lasound -lm -ldl -lpthread -lts -lSDL_mixer -L/opt/miyoo/bin/../arm-miyoo-linux-uclibcgnueabi/sysroot/home/runner/work/MiyooCFW/MiyooCFW/buildroot/output/per-package/sdl_mixer/host/arm-miyoo-linux-uclibcgnueabi/sysroot/usr/bin/../../usr/lib -lmikmod -lm -lmad -lSDL -lpthread -lSDL -lpthread -lm -lasound -lm -ldl -lpthread -lts -lpthread -L/opt/miyoo/bin/../arm-miyoo-linux-uclibcgnueabi/sysroot/usr/lib -lvorbisidec -L/opt/miyoo/bin/../arm-miyoo-linux-uclibcgnueabi/sysroot/usr/lib -logg -lmpg123  >&5
configure:3776: $? = 0
configure:3802: /opt/miyoo/bin/arm-linux-gcc -o conftest -O2 -g -Wall -Wdeclaration-after-statement -Wredundant-decls -I/opt/miyoo/bin/../arm-miyoo-linux-uclibcgnueabi/sysroot/usr/include/SDL -D_GNU_SOURCE=1 -D_REENTRANT      conftest.c -L/opt/miyoo/bin/../arm-miyoo-linux-uclibcgnueabi/sysroot/usr/lib -lSDL -lpthread -lpthread -lm -lasound -lm -ldl -lpthread -lts -lSDL_mixer -L/opt/miyoo/bin/../arm-miyoo-linux-uclibcgnueabi/sysroot/home/runner/work/MiyooCFW/MiyooCFW/buildroot/output/per-package/sdl_mixer/host/arm-miyoo-linux-uclibcgnueabi/sysroot/usr/bin/../../usr/lib -lmikmod -lm -lmad -lSDL -lpthread -lSDL -lpthread -lm -lasound -lm -ldl -lpthread -lts -lpthread -L/opt/miyoo/bin/../arm-miyoo-linux-uclibcgnueabi/sysroot/usr/lib -lvorbisidec -L/opt/miyoo/bin/../arm-miyoo-linux-uclibcgnueabi/sysroot/usr/lib -logg -lmpg123  >&5
configure:3802: $? = 0
configure:3820: checking for Mix_LoadMUS in -lSDL_mixer
configure:3843: /opt/miyoo/bin/arm-linux-gcc -o conftest -O2 -g -Wall -Wdeclaration-after-statement -Wredundant-decls -I/opt/miyoo/bin/../arm-miyoo-linux-uclibcgnueabi/sysroot/usr/include/SDL -D_GNU_SOURCE=1 -D_REENTRANT      conftest.c -lSDL_mixer  -L/opt/miyoo/bin/../arm-miyoo-linux-uclibcgnueabi/sysroot/usr/lib -lSDL -lpthread -lpthread -lm -lasound -lm -ldl -lpthread -lts -lSDL_mixer -L/opt/miyoo/bin/../arm-miyoo-linux-uclibcgnueabi/sysroot/home/runner/work/MiyooCFW/MiyooCFW/buildroot/output/per-package/sdl_mixer/host/arm-miyoo-linux-uclibcgnueabi/sysroot/usr/bin/../../usr/lib -lmikmod -lm -lmad -lSDL -lpthread -lSDL -lpthread -lm -lasound -lm -ldl -lpthread -lts -lpthread -L/opt/miyoo/bin/../arm-miyoo-linux-uclibcgnueabi/sysroot/usr/lib -lvorbisidec -L/opt/miyoo/bin/../arm-miyoo-linux-uclibcgnueabi/sysroot/usr/lib -logg -lmpg123  >&5
configure:3843: $? = 0
configure:3853: result: yes
configure:3870: checking for SDLNet_UDP_Send in -lSDL_net
configure:3893: /opt/miyoo/bin/arm-linux-gcc -o conftest -O2 -g -Wall -Wdeclaration-after-statement -Wredundant-decls -I/opt/miyoo/bin/../arm-miyoo-linux-uclibcgnueabi/sysroot/usr/include/SDL -D_GNU_SOURCE=1 -D_REENTRANT      conftest.c -lSDL_net  -L/opt/miyoo/bin/../arm-miyoo-linux-uclibcgnueabi/sysroot/usr/lib -lSDL -lpthread -lpthread -lm -lasound -lm -ldl -lpthread -lts -lSDL_mixer -L/opt/miyoo/bin/../arm-miyoo-linux-uclibcgnueabi/sysroot/home/runner/work/MiyooCFW/MiyooCFW/buildroot/output/per-package/sdl_mixer/host/arm-miyoo-linux-uclibcgnueabi/sysroot/usr/bin/../../usr/lib -lmikmod -lm -lmad -lSDL -lpthread -lSDL -lpthread -lm -lasound -lm -ldl -lpthread -lts -lpthread -L/opt/miyoo/bin/../arm-miyoo-linux-uclibcgnueabi/sysroot/usr/lib -lvorbisidec -L/opt/miyoo/bin/../arm-miyoo-linux-uclibcgnueabi/sysroot/usr/lib -logg -lmpg123  >&5
configure:3893: $? = 0
configure:3903: result: yes
configure:3926: checking for src_new in -lsamplerate
configure:3949: /opt/miyoo/bin/arm-linux-gcc -o conftest -O2 -g -Wall -Wdeclaration-after-statement -Wredundant-decls -I/opt/miyoo/bin/../arm-miyoo-linux-uclibcgnueabi/sysroot/usr/include/SDL -D_GNU_SOURCE=1 -D_REENTRANT      conftest.c -lsamplerate  -L/opt/miyoo/bin/../arm-miyoo-linux-uclibcgnueabi/sysroot/usr/lib -lSDL -lpthread -lpthread -lm -lasound -lm -ldl -lpthread -lts -lSDL_mixer -L/opt/miyoo/bin/../arm-miyoo-linux-uclibcgnueabi/sysroot/home/runner/work/MiyooCFW/MiyooCFW/buildroot/output/per-package/sdl_mixer/host/arm-miyoo-linux-uclibcgnueabi/sysroot/usr/bin/../../usr/lib -lmikmod -lm -lmad -lSDL -lpthread -lSDL -lpthread -lm -lasound -lm -ldl -lpthread -lts -lpthread -L/opt/miyoo/bin/../arm-miyoo-linux-uclibcgnueabi/sysroot/usr/lib -lvorbisidec -L/opt/miyoo/bin/../arm-miyoo-linux-uclibcgnueabi/sysroot/usr/lib -logg -lmpg123  >&5
/opt/miyoo/bin/../lib/gcc/arm-miyoo-linux-uclibcgnueabi/9.4.0/../../../../arm-miyoo-linux-uclibcgnueabi/bin/ld: cannot find -lsamplerate
collect2: error: ld returned 1 exit status
configure:3949: $? = 1
configure: failed program was:
| /* confdefs.h */
| #define PACKAGE_NAME "Chocolate Doom"
| #define PACKAGE_TARNAME "chocolate-doom"
| #define PACKAGE_VERSION "2.2.1"
| #define PACKAGE_STRING "Chocolate Doom 2.2.1"
| #define PACKAGE_BUGREPORT "fraggle@gmail.com"
| #define PACKAGE_URL ""
| #define HAVE_STDIO_H 1
| #define HAVE_STDLIB_H 1
| #define HAVE_STRING_H 1
| #define HAVE_INTTYPES_H 1
| #define HAVE_STDINT_H 1
| #define HAVE_STRINGS_H 1
| #define HAVE_SYS_STAT_H 1
| #define HAVE_SYS_TYPES_H 1
| #define HAVE_UNISTD_H 1
| #define STDC_HEADERS 1
| /* end confdefs.h.  */
| 
| /* Override any GCC internal prototype to avoid an error.
|    Use char because int might match the return type of a GCC
|    builtin and then its argument prototype would still apply.  */
| char src_new ();
| int
| main (void)
| {
| return src_new ();
|   ;
|   return 0;
| }
configure:3959: result: no
configure:3980: checking for zlibVersion in -lz
configure:4003: /opt/miyoo/bin/arm-linux-gcc -o conftest -O2 -g -Wall -Wdeclaration-after-statement -Wredundant-decls -I/opt/miyoo/bin/../arm-miyoo-linux-uclibcgnueabi/sysroot/usr/include/SDL -D_GNU_SOURCE=1 -D_REENTRANT      conftest.c -lz  -L/opt/miyoo/bin/../arm-miyoo-linux-uclibcgnueabi/sysroot/usr/lib -lSDL -lpthread -lpthread -lm -lasound -lm -ldl -lpthread -lts -lSDL_mixer -L/opt/miyoo/bin/../arm-miyoo-linux-uclibcgnueabi/sysroot/home/runner/work/MiyooCFW/MiyooCFW/buildroot/output/per-package/sdl_mixer/host/arm-miyoo-linux-uclibcgnueabi/sysroot/usr/bin/../../usr/lib -lmikmod -lm -lmad -lSDL -lpthread -lSDL -lpthread -lm -lasound -lm -ldl -lpthread -lts -lpthread -L/opt/miyoo/bin/../arm-miyoo-linux-uclibcgnueabi/sysroot/usr/lib -lvorbisidec -L/opt/miyoo/bin/../arm-miyoo-linux-uclibcgnueabi/sysroot/usr/lib -logg -lmpg123  >&5
configure:4003: $? = 0
configure:4013: result: yes
configure:4023: checking for png_get_io_ptr in -lpng
configure:4046: /opt/miyoo/bin/arm-linux-gcc -o conftest -O2 -g -Wall -Wdeclaration-after-statement -Wredundant-decls -I/opt/miyoo/bin/../arm-miyoo-linux-uclibcgnueabi/sysroot/usr/include/SDL -D_GNU_SOURCE=1 -D_REENTRANT      conftest.c -lpng  -lz -L/opt/miyoo/bin/../arm-miyoo-linux-uclibcgnueabi/sysroot/usr/lib -lSDL -lpthread -lpthread -lm -lasound -lm -ldl -lpthread -lts -lSDL_mixer -L/opt/miyoo/bin/../arm-miyoo-linux-uclibcgnueabi/sysroot/home/runner/work/MiyooCFW/MiyooCFW/buildroot/output/per-package/sdl_mixer/host/arm-miyoo-linux-uclibcgnueabi/sysroot/usr/bin/../../usr/lib -lmikmod -lm -lmad -lSDL -lpthread -lSDL -lpthread -lm -lasound -lm -ldl -lpthread -lts -lpthread -L/opt/miyoo/bin/../arm-miyoo-linux-uclibcgnueabi/sysroot/usr/lib -lvorbisidec -L/opt/miyoo/bin/../arm-miyoo-linux-uclibcgnueabi/sysroot/usr/lib -logg -lmpg123  >&5
configure:4046: $? = 0
configure:4056: result: yes
configure:4069: checking for log in -lm
configure:4092: /opt/miyoo/bin/arm-linux-gcc -o conftest -O2 -g -Wall -Wdeclaration-after-statement -Wredundant-decls -I/opt/miyoo/bin/../arm-miyoo-linux-uclibcgnueabi/sysroot/usr/include/SDL -D_GNU_SOURCE=1 -D_REENTRANT      conftest.c -lm  -lpng -lz -L/opt/miyoo/bin/../arm-miyoo-linux-uclibcgnueabi/sysroot/usr/lib -lSDL -lpthread -lpthread -lm -lasound -lm -ldl -lpthread -lts -lSDL_mixer -L/opt/miyoo/bin/../arm-miyoo-linux-uclibcgnueabi/sysroot/home/runner/work/MiyooCFW/MiyooCFW/buildroot/output/per-package/sdl_mixer/host/arm-miyoo-linux-uclibcgnueabi/sysroot/usr/bin/../../usr/lib -lmikmod -lm -lmad -lSDL -lpthread -lSDL -lpthread -lm -lasound -lm -ldl -lpthread -lts -lpthread -L/opt/miyoo/bin/../arm-miyoo-linux-uclibcgnueabi/sysroot/usr/lib -lvorbisidec -L/opt/miyoo/bin/../arm-miyoo-linux-uclibcgnueabi/sysroot/usr/lib -logg -lmpg123  >&5
conftest.c:25:6: warning: conflicting types for built-in function 'log'; expected 'double(double)' [-Wbuiltin-declaration-mismatch]
   25 | char log ();
      |      ^~~
conftest.c:1:1: note: 'log' is declared in header '<math.h>'
    1 | /* confdefs.h */
configure:4092: $? = 0
configure:4102: result: yes
configure:4113: checking for linux/kd.h
configure:4113: /opt/miyoo/bin/arm-linux-gcc -c -O2 -g -Wall -Wdeclaration-after-statement -Wredundant-decls -I/opt/miyoo/bin/../arm-miyoo-linux-uclibcgnueabi/sysroot/usr/include/SDL -D_GNU_SOURCE=1 -D_REENTRANT    conftest.c >&5
configure:4113: $? = 0
configure:4113: result: yes
configure:4119: checking for dev/isa/spkrio.h
configure:4119: /opt/miyoo/bin/arm-linux-gcc -c -O2 -g -Wall -Wdeclaration-after-statement -Wredundant-decls -I/opt/miyoo/bin/../arm-miyoo-linux-uclibcgnueabi/sysroot/usr/include/SDL -D_GNU_SOURCE=1 -D_REENTRANT    conftest.c >&5
conftest.c:51:10: fatal error: dev/isa/spkrio.h: No such file or directory
   51 | #include <dev/isa/spkrio.h>
      |          ^~~~~~~~~~~~~~~~~~
compilation terminated.
configure:4119: $? = 1
configure: failed program was:
| /* confdefs.h */
| #define PACKAGE_NAME "Chocolate Doom"
| #define PACKAGE_TARNAME "chocolate-doom"
| #define PACKAGE_VERSION "2.2.1"
| #define PACKAGE_STRING "Chocolate Doom 2.2.1"
| #define PACKAGE_BUGREPORT "fraggle@gmail.com"
| #define PACKAGE_URL ""
| #define HAVE_STDIO_H 1
| #define HAVE_STDLIB_H 1
| #define HAVE_STRING_H 1
| #define HAVE_INTTYPES_H 1
| #define HAVE_STDINT_H 1
| #define HAVE_STRINGS_H 1
| #define HAVE_SYS_STAT_H 1
| #define HAVE_SYS_TYPES_H 1
| #define HAVE_UNISTD_H 1
| #define STDC_HEADERS 1
| #define HAVE_LIBZ 1
| #define HAVE_LIBPNG 1
| #define HAVE_LIBM 1
| #define HAVE_LINUX_KD_H 1
| /* end confdefs.h.  */
| #include <stddef.h>
| #ifdef HAVE_STDIO_H
| # include <stdio.h>
| #endif
| #ifdef HAVE_STDLIB_H
| # include <stdlib.h>
| #endif
| #ifdef HAVE_STRING_H
| # include <string.h>
| #endif
| #ifdef HAVE_INTTYPES_H
| # include <inttypes.h>
| #endif
| #ifdef HAVE_STDINT_H
| # include <stdint.h>
| #endif
| #ifdef HAVE_STRINGS_H
| # include <strings.h>
| #endif
| #ifdef HAVE_SYS_TYPES_H
| # include <sys/types.h>
| #endif
| #ifdef HAVE_SYS_STAT_H
| # include <sys/stat.h>
| #endif
| #ifdef HAVE_UNISTD_H
| # include <unistd.h>
| #endif
| #include <dev/isa/spkrio.h>
configure:4119: result: no
configure:4125: checking for dev/speaker/speaker.h
configure:4125: /opt/miyoo/bin/arm-linux-gcc -c -O2 -g -Wall -Wdeclaration-after-statement -Wredundant-decls -I/opt/miyoo/bin/../arm-miyoo-linux-uclibcgnueabi/sysroot/usr/include/SDL -D_GNU_SOURCE=1 -D_REENTRANT    conftest.c >&5
conftest.c:51:10: fatal error: dev/speaker/speaker.h: No such file or directory
   51 | #include <dev/speaker/speaker.h>
      |          ^~~~~~~~~~~~~~~~~~~~~~~
compilation terminated.
configure:4125: $? = 1
configure: failed program was:
| /* confdefs.h */
| #define PACKAGE_NAME "Chocolate Doom"
| #define PACKAGE_TARNAME "chocolate-doom"
| #define PACKAGE_VERSION "2.2.1"
| #define PACKAGE_STRING "Chocolate Doom 2.2.1"
| #define PACKAGE_BUGREPORT "fraggle@gmail.com"
| #define PACKAGE_URL ""
| #define HAVE_STDIO_H 1
| #define HAVE_STDLIB_H 1
| #define HAVE_STRING_H 1
| #define HAVE_INTTYPES_H 1
| #define HAVE_STDINT_H 1
| #define HAVE_STRINGS_H 1
| #define HAVE_SYS_STAT_H 1
| #define HAVE_SYS_TYPES_H 1
| #define HAVE_UNISTD_H 1
| #define STDC_HEADERS 1
| #define HAVE_LIBZ 1
| #define HAVE_LIBPNG 1
| #define HAVE_LIBM 1
| #define HAVE_LINUX_KD_H 1
| /* end confdefs.h.  */
| #include <stddef.h>
| #ifdef HAVE_STDIO_H
| # include <stdio.h>
| #endif
| #ifdef HAVE_STDLIB_H
| # include <stdlib.h>
| #endif
| #ifdef HAVE_STRING_H
| # include <string.h>
| #endif
| #ifdef HAVE_INTTYPES_H
| # include <inttypes.h>
| #endif
| #ifdef HAVE_STDINT_H
| # include <stdint.h>
| #endif
| #ifdef HAVE_STRINGS_H
| # include <strings.h>
| #endif
| #ifdef HAVE_SYS_TYPES_H
| # include <sys/types.h>
| #endif
| #ifdef HAVE_SYS_STAT_H
| # include <sys/stat.h>
| #endif
| #ifdef HAVE_UNISTD_H
| # include <unistd.h>
| #endif
| #include <dev/speaker/speaker.h>
configure:4125: result: no
configure:4132: checking for mmap
configure:4132: /opt/miyoo/bin/arm-linux-gcc -o conftest -O2 -g -Wall -Wdeclaration-after-statement -Wredundant-decls -I/opt/miyoo/bin/../arm-miyoo-linux-uclibcgnueabi/sysroot/usr/include/SDL -D_GNU_SOURCE=1 -D_REENTRANT      conftest.c -lm -lpng -lz -L/opt/miyoo/bin/../arm-miyoo-linux-uclibcgnueabi/sysroot/usr/lib -lSDL -lpthread -lpthread -lm -lasound -lm -ldl -lpthread -lts -lSDL_mixer -L/opt/miyoo/bin/../arm-miyoo-linux-uclibcgnueabi/sysroot/home/runner/work/MiyooCFW/MiyooCFW/buildroot/output/per-package/sdl_mixer/host/arm-miyoo-linux-uclibcgnueabi/sysroot/usr/bin/../../usr/lib -lmikmod -lm -lmad -lSDL -lpthread -lSDL -lpthread -lm -lasound -lm -ldl -lpthread -lts -lpthread -L/opt/miyoo/bin/../arm-miyoo-linux-uclibcgnueabi/sysroot/usr/lib -lvorbisidec -L/opt/miyoo/bin/../arm-miyoo-linux-uclibcgnueabi/sysroot/usr/lib -logg -lmpg123  >&5
configure:4132: $? = 0
configure:4132: result: yes
configure:4138: checking for ioperm
configure:4138: /opt/miyoo/bin/arm-linux-gcc -o conftest -O2 -g -Wall -Wdeclaration-after-statement -Wredundant-decls -I/opt/miyoo/bin/../arm-miyoo-linux-uclibcgnueabi/sysroot/usr/include/SDL -D_GNU_SOURCE=1 -D_REENTRANT      conftest.c -lm -lpng -lz -L/opt/miyoo/bin/../arm-miyoo-linux-uclibcgnueabi/sysroot/usr/lib -lSDL -lpthread -lpthread -lm -lasound -lm -ldl -lpthread -lts -lSDL_mixer -L/opt/miyoo/bin/../arm-miyoo-linux-uclibcgnueabi/sysroot/home/runner/work/MiyooCFW/MiyooCFW/buildroot/output/per-package/sdl_mixer/host/arm-miyoo-linux-uclibcgnueabi/sysroot/usr/bin/../../usr/lib -lmikmod -lm -lmad -lSDL -lpthread -lSDL -lpthread -lm -lasound -lm -ldl -lpthread -lts -lpthread -L/opt/miyoo/bin/../arm-miyoo-linux-uclibcgnueabi/sysroot/usr/lib -lvorbisidec -L/opt/miyoo/bin/../arm-miyoo-linux-uclibcgnueabi/sysroot/usr/lib -logg -lmpg123  >&5
configure:4138: $? = 0
configure:4138: result: yes
configure:4149: checking for i386_iopl in -li386
configure:4172: /opt/miyoo/bin/arm-linux-gcc -o conftest -O2 -g -Wall -Wdeclaration-after-statement -Wredundant-decls -I/opt/miyoo/bin/../arm-miyoo-linux-uclibcgnueabi/sysroot/usr/include/SDL -D_GNU_SOURCE=1 -D_REENTRANT      conftest.c -li386  -lm -lpng -lz -L/opt/miyoo/bin/../arm-miyoo-linux-uclibcgnueabi/sysroot/usr/lib -lSDL -lpthread -lpthread -lm -lasound -lm -ldl -lpthread -lts -lSDL_mixer -L/opt/miyoo/bin/../arm-miyoo-linux-uclibcgnueabi/sysroot/home/runner/work/MiyooCFW/MiyooCFW/buildroot/output/per-package/sdl_mixer/host/arm-miyoo-linux-uclibcgnueabi/sysroot/usr/bin/../../usr/lib -lmikmod -lm -lmad -lSDL -lpthread -lSDL -lpthread -lm -lasound -lm -ldl -lpthread -lts -lpthread -L/opt/miyoo/bin/../arm-miyoo-linux-uclibcgnueabi/sysroot/usr/lib -lvorbisidec -L/opt/miyoo/bin/../arm-miyoo-linux-uclibcgnueabi/sysroot/usr/lib -logg -lmpg123  >&5
/opt/miyoo/bin/../lib/gcc/arm-miyoo-linux-uclibcgnueabi/9.4.0/../../../../arm-miyoo-linux-uclibcgnueabi/bin/ld: cannot find -li386
collect2: error: ld returned 1 exit status
configure:4172: $? = 1
configure: failed program was:
| /* confdefs.h */
| #define PACKAGE_NAME "Chocolate Doom"
| #define PACKAGE_TARNAME "chocolate-doom"
| #define PACKAGE_VERSION "2.2.1"
| #define PACKAGE_STRING "Chocolate Doom 2.2.1"
| #define PACKAGE_BUGREPORT "fraggle@gmail.com"
| #define PACKAGE_URL ""
| #define HAVE_STDIO_H 1
| #define HAVE_STDLIB_H 1
| #define HAVE_STRING_H 1
| #define HAVE_INTTYPES_H 1
| #define HAVE_STDINT_H 1
| #define HAVE_STRINGS_H 1
| #define HAVE_SYS_STAT_H 1
| #define HAVE_SYS_TYPES_H 1
| #define HAVE_UNISTD_H 1
| #define STDC_HEADERS 1
| #define HAVE_LIBZ 1
| #define HAVE_LIBPNG 1
| #define HAVE_LIBM 1
| #define HAVE_LINUX_KD_H 1
| #define HAVE_MMAP 1
| #define HAVE_IOPERM 1
| /* end confdefs.h.  */
| 
| /* Override any GCC internal prototype to avoid an error.
|    Use char because int might match the return type of a GCC
|    builtin and then its argument prototype would still apply.  */
| char i386_iopl ();
| int
| main (void)
| {
| return i386_iopl ();
|   ;
|   return 0;
| }
configure:4182: result: no
configure:4192: checking for amd64_iopl in -lamd64
configure:4215: /opt/miyoo/bin/arm-linux-gcc -o conftest -O2 -g -Wall -Wdeclaration-after-statement -Wredundant-decls -I/opt/miyoo/bin/../arm-miyoo-linux-uclibcgnueabi/sysroot/usr/include/SDL -D_GNU_SOURCE=1 -D_REENTRANT      conftest.c -lamd64  -lm -lpng -lz -L/opt/miyoo/bin/../arm-miyoo-linux-uclibcgnueabi/sysroot/usr/lib -lSDL -lpthread -lpthread -lm -lasound -lm -ldl -lpthread -lts -lSDL_mixer -L/opt/miyoo/bin/../arm-miyoo-linux-uclibcgnueabi/sysroot/home/runner/work/MiyooCFW/MiyooCFW/buildroot/output/per-package/sdl_mixer/host/arm-miyoo-linux-uclibcgnueabi/sysroot/usr/bin/../../usr/lib -lmikmod -lm -lmad -lSDL -lpthread -lSDL -lpthread -lm -lasound -lm -ldl -lpthread -lts -lpthread -L/opt/miyoo/bin/../arm-miyoo-linux-uclibcgnueabi/sysroot/usr/lib -lvorbisidec -L/opt/miyoo/bin/../arm-miyoo-linux-uclibcgnueabi/sysroot/usr/lib -logg -lmpg123  >&5
/opt/miyoo/bin/../lib/gcc/arm-miyoo-linux-uclibcgnueabi/9.4.0/../../../../arm-miyoo-linux-uclibcgnueabi/bin/ld: cannot find -lamd64
collect2: error: ld returned 1 exit status
configure:4215: $? = 1
configure: failed program was:
| /* confdefs.h */
| #define PACKAGE_NAME "Chocolate Doom"
| #define PACKAGE_TARNAME "chocolate-doom"
| #define PACKAGE_VERSION "2.2.1"
| #define PACKAGE_STRING "Chocolate Doom 2.2.1"
| #define PACKAGE_BUGREPORT "fraggle@gmail.com"
| #define PACKAGE_URL ""
| #define HAVE_STDIO_H 1
| #define HAVE_STDLIB_H 1
| #define HAVE_STRING_H 1
| #define HAVE_INTTYPES_H 1
| #define HAVE_STDINT_H 1
| #define HAVE_STRINGS_H 1
| #define HAVE_SYS_STAT_H 1
| #define HAVE_SYS_TYPES_H 1
| #define HAVE_UNISTD_H 1
| #define STDC_HEADERS 1
| #define HAVE_LIBZ 1
| #define HAVE_LIBPNG 1
| #define HAVE_LIBM 1
| #define HAVE_LINUX_KD_H 1
| #define HAVE_MMAP 1
| #define HAVE_IOPERM 1
| /* end confdefs.h.  */
| 
| /* Override any GCC internal prototype to avoid an error.
|    Use char because int might match the return type of a GCC
|    builtin and then its argument prototype would still apply.  */
| char amd64_iopl ();
| int
| main (void)
| {
| return amd64_iopl ();
|   ;
|   return 0;
| }
configure:4225: result: no
configure:4353: checking for --host-alias-strip
configure:4388: result: no
configure:4398: checking for strip
configure:4419: found /usr/bin/strip
configure:4430: result: strip
configure:4488: checking for a BSD-compatible install
configure:4561: result: /usr/bin/install -c
configure:4572: checking whether build environment is sane
configure:4627: result: yes
configure:4679: checking for --host-alias-strip
configure:4711: result: strip
configure:4782: checking for a race-free mkdir -p
configure:4826: result: /usr/bin/mkdir -p
configure:4833: checking for gawk
configure:4868: result: no
configure:4833: checking for mawk
configure:4854: found /usr/bin/mawk
configure:4865: result: mawk
configure:4876: checking whether make sets $(MAKE)
configure:4899: result: yes
configure:4921: checking whether make supports the include directive
configure:4936: make -f confmf.GNU && cat confinc.out
this is the am__doit target
configure:4939: $? = 0
configure:4958: result: yes (GNU style)
configure:4993: checking whether make supports nested variables
configure:5011: result: yes
configure:5092: checking dependency style of /opt/miyoo/bin/arm-linux-gcc
configure:5204: result: gcc3
configure:5288: checking whether make supports nested variables
configure:5306: result: yes
configure:5485: checking that generated files are newer than configure
configure:5491: result: done
configure:5514: creating ./config.status

## ---------------------- ##
## Running config.status. ##
## ---------------------- ##

This file was extended by Chocolate Doom config.status 2.2.1, which was
generated by GNU Autoconf 2.71.  Invocation command line was

  CONFIG_FILES    = 
  CONFIG_HEADERS  = 
  CONFIG_LINKS    = 
  CONFIG_COMMANDS = 
  $ ./config.status 

on 0ecf01cd7b6d

config.status:909: creating Makefile
config.status:909: creating man/Makefile
config.status:909: creating opl/Makefile
config.status:909: creating opl/examples/Makefile
config.status:909: creating pcsound/Makefile
config.status:909: creating pkg/Makefile
config.status:909: creating pkg/config.make
config.status:909: creating pkg/osx/Info-gnustep.plist
config.status:909: creating pkg/osx/Info.plist
config.status:909: creating rpm.spec
config.status:909: creating data/Makefile
config.status:909: creating src/Makefile
config.status:909: creating src/doom.appdata.xml
config.status:909: creating src/doom.desktop
config.status:909: creating src/doom-screensaver.desktop
config.status:909: creating src/doom/Makefile
config.status:909: creating src/heretic.appdata.xml
config.status:909: creating src/heretic.desktop
config.status:909: creating src/heretic/Makefile
config.status:909: creating src/hexen.appdata.xml
config.status:909: creating src/hexen.desktop
config.status:909: creating src/hexen/Makefile
config.status:909: creating src/resource.rc
config.status:909: creating src/setup-res.rc
config.status:909: creating src/setup/Makefile
config.status:909: creating src/setup/setup.desktop
config.status:909: creating src/setup/setup-manifest.xml
config.status:909: creating src/strife.appdata.xml
config.status:909: creating src/strife.desktop
config.status:909: creating src/strife/Makefile
config.status:909: creating textscreen/Makefile
config.status:909: creating textscreen/examples/Makefile
config.status:909: creating config.h
config.status:1055: config.h is unchanged
config.status:1103: executing depfiles commands
config.status:1180: cd opl       && sed -e '/# am--include-marker/d' Makefile         | make -f - am--depfiles
make: Nothing to be done for 'am--depfiles'.
config.status:1185: $? = 0
config.status:1180: cd opl/examples       && sed -e '/# am--include-marker/d' Makefile         | make -f - am--depfiles
make: Nothing to be done for 'am--depfiles'.
config.status:1185: $? = 0
config.status:1180: cd pcsound       && sed -e '/# am--include-marker/d' Makefile         | make -f - am--depfiles
make: Nothing to be done for 'am--depfiles'.
config.status:1185: $? = 0
config.status:1180: cd src       && sed -e '/# am--include-marker/d' Makefile         | make -f - am--depfiles
make: Nothing to be done for 'am--depfiles'.
config.status:1185: $? = 0
config.status:1180: cd src/doom       && sed -e '/# am--include-marker/d' Makefile         | make -f - am--depfiles
make: Nothing to be done for 'am--depfiles'.
config.status:1185: $? = 0
config.status:1180: cd src/heretic       && sed -e '/# am--include-marker/d' Makefile         | make -f - am--depfiles
make: Nothing to be done for 'am--depfiles'.
config.status:1185: $? = 0
config.status:1180: cd src/hexen       && sed -e '/# am--include-marker/d' Makefile         | make -f - am--depfiles
make: Nothing to be done for 'am--depfiles'.
config.status:1185: $? = 0
config.status:1180: cd src/setup       && sed -e '/# am--include-marker/d' Makefile         | make -f - am--depfiles
make: Nothing to be done for 'am--depfiles'.
config.status:1185: $? = 0
config.status:1180: cd src/strife       && sed -e '/# am--include-marker/d' Makefile         | make -f - am--depfiles
make: Nothing to be done for 'am--depfiles'.
config.status:1185: $? = 0
config.status:1180: cd textscreen       && sed -e '/# am--include-marker/d' Makefile         | make -f - am--depfiles
make: Nothing to be done for 'am--depfiles'.
config.status:1185: $? = 0
config.status:1180: cd textscreen/examples       && sed -e '/# am--include-marker/d' Makefile         | make -f - am--depfiles
make: Nothing to be done for 'am--depfiles'.
config.status:1185: $? = 0

## ---------------- ##
## Cache variables. ##
## ---------------- ##

ac_cv_c_compiler_gnu=yes
ac_cv_env_CC_set=set
ac_cv_env_CC_value=/opt/miyoo/bin/arm-linux-gcc
ac_cv_env_CFLAGS_set=set
ac_cv_env_CFLAGS_value='-I/opt/miyoo/bin/../arm-miyoo-linux-uclibcgnueabi/sysroot/usr/include/SDL -D_GNU_SOURCE=1 -D_REENTRANT '
ac_cv_env_CPPFLAGS_set=
ac_cv_env_CPPFLAGS_value=
ac_cv_env_LDFLAGS_set=
ac_cv_env_LDFLAGS_value=
ac_cv_env_LIBS_set=set
ac_cv_env_LIBS_value='-L/opt/miyoo/bin/../arm-miyoo-linux-uclibcgnueabi/sysroot/usr/lib -lSDL -lpthread -lpthread -lm -lasound -lm -ldl -lpthread -lts -lSDL_mixer -L/opt/miyoo/bin/../arm-miyoo-linux-uclibcgnueabi/sysroot/home/runner/work/MiyooCFW/MiyooCFW/buildroot/output/per-package/sdl_mixer/host/arm-miyoo-linux-uclibcgnueabi/sysroot/usr/bin/../../usr/lib -lmikmod -lm -lmad -lSDL -lpthread -lSDL -lpthread -lm -lasound -lm -ldl -lpthread -lts -lpthread -L/opt/miyoo/bin/../arm-miyoo-linux-uclibcgnueabi/sysroot/usr/lib -lvorbisidec -L/opt/miyoo/bin/../arm-miyoo-linux-uclibcgnueabi/sysroot/usr/lib -logg -lmpg123 '
ac_cv_env_build_alias_set=
ac_cv_env_build_alias_value=
ac_cv_env_host_alias_set=set
ac_cv_env_host_alias_value=--host-alias
ac_cv_env_target_alias_set=
ac_cv_env_target_alias_value=
ac_cv_func_ioperm=yes
ac_cv_func_mmap=yes
ac_cv_header_dev_isa_spkrio_h=no
ac_cv_header_dev_speaker_speaker_h=no
ac_cv_header_inttypes_h=yes
ac_cv_header_linux_kd_h=yes
ac_cv_header_stdint_h=yes
ac_cv_header_stdio_h=yes
ac_cv_header_stdlib_h=yes
ac_cv_header_string_h=yes
ac_cv_header_strings_h=yes
ac_cv_header_sys_stat_h=yes
ac_cv_header_sys_types_h=yes
ac_cv_header_unistd_h=yes
ac_cv_lib_SDL_mixer_Mix_LoadMUS=yes
ac_cv_lib_SDL_net_SDLNet_UDP_Send=yes
ac_cv_lib_amd64_amd64_iopl=no
ac_cv_lib_i386_i386_iopl=no
ac_cv_lib_m_log=yes
ac_cv_lib_png_png_get_io_ptr=yes
ac_cv_lib_samplerate_src_new=no
ac_cv_lib_z_zlibVersion=yes
ac_cv_objext=o
ac_cv_path_install='/usr/bin/install -c'
ac_cv_path_mkdir=/usr/bin/mkdir
ac_cv_prog_AWK=mawk
ac_cv_prog_CC=/opt/miyoo/bin/arm-linux-gcc
ac_cv_prog_HAVE_PYTHON=true
ac_cv_prog_STRIP=strip
ac_cv_prog_ac_ct_RANLIB=ranlib
ac_cv_prog_ac_ct_STRIP=strip
ac_cv_prog_cc_c11=
ac_cv_prog_cc_g=yes
ac_cv_prog_cc_stdc=
ac_cv_prog_make_make_set=yes
am_cv_CC_dependencies_compiler_type=gcc3
am_cv_make_support_nested_variables=yes
am_cv_prog_cc_c_o=yes

## ----------------- ##
## Output variables. ##
## ----------------- ##

ACLOCAL='${SHELL} '\''/src/autotools/missing'\'' aclocal-1.16'
AMDEPBACKSLASH='\'
AMDEP_FALSE='#'
AMDEP_TRUE=''
AMTAR='$${TAR-tar}'
AM_BACKSLASH='\'
AM_DEFAULT_V='$(AM_DEFAULT_VERBOSITY)'
AM_DEFAULT_VERBOSITY='0'
AM_V='$(V)'
AUTOCONF='${SHELL} '\''/src/autotools/missing'\'' autoconf'
AUTOHEADER='${SHELL} '\''/src/autotools/missing'\'' autoheader'
AUTOMAKE='${SHELL} '\''/src/autotools/missing'\'' automake-1.16'
AWK='mawk'
CC='/opt/miyoo/bin/arm-linux-gcc'
CCDEPMODE='depmode=gcc3'
CFLAGS='-O2 -g -Wall -Wdeclaration-after-statement -Wredundant-decls -I/opt/miyoo/bin/../arm-miyoo-linux-uclibcgnueabi/sysroot/usr/include/SDL -D_GNU_SOURCE=1 -D_REENTRANT  '
CPPFLAGS=''
CSCOPE='cscope'
CTAGS='ctags'
CYGPATH_W='echo'
DEFS='-DHAVE_CONFIG_H'
DEPDIR='.deps'
ECHO_C=''
ECHO_N='-n'
ECHO_T=''
ETAGS='etags'
EXEEXT=''
HAVE_PYTHON='true'
HAVE_PYTHON_FALSE='#'
HAVE_PYTHON_TRUE=''
HAVE_WINDRES_FALSE=''
HAVE_WINDRES_TRUE='#'
INSTALL_DATA='${INSTALL} -m 644'
INSTALL_PROGRAM='${INSTALL}'
INSTALL_SCRIPT='${INSTALL}'
INSTALL_STRIP_PROGRAM='$(install_sh) -c -s'
LDFLAGS=' '
LIBOBJS=''
LIBS='-lm -lpng -lz -L/opt/miyoo/bin/../arm-miyoo-linux-uclibcgnueabi/sysroot/usr/lib -lSDL -lpthread -lpthread -lm -lasound -lm -ldl -lpthread -lts -lSDL_mixer -L/opt/miyoo/bin/../arm-miyoo-linux-uclibcgnueabi/sysroot/home/runner/work/MiyooCFW/MiyooCFW/buildroot/output/per-package/sdl_mixer/host/arm-miyoo-linux-uclibcgnueabi/sysroot/usr/bin/../../usr/lib -lmikmod -lm -lmad -lSDL -lpthread -lSDL -lpthread -lm -lasound -lm -ldl -lpthread -lts -lpthread -L/opt/miyoo/bin/../arm-miyoo-linux-uclibcgnueabi/sysroot/usr/lib -lvorbisidec -L/opt/miyoo/bin/../arm-miyoo-linux-uclibcgnueabi/sysroot/usr/lib -logg -lmpg123 '
LTLIBOBJS=''
MAKEINFO='${SHELL} '\''/src/autotools/missing'\'' makeinfo'
MKDIR_P='/usr/bin/mkdir -p'
OBJEXT='o'
PACKAGE='chocolate-doom'
PACKAGE_BUGREPORT='fraggle@gmail.com'
PACKAGE_COPYRIGHT='Copyright (C) 1993-2015'
PACKAGE_ISSUES='https://github.com/chocolate-doom/chocolate-doom/issues'
PACKAGE_LICENSE='GNU General Public License, version 2'
PACKAGE_MAINTAINER='Simon Howard'
PACKAGE_NAME='Chocolate Doom'
PACKAGE_SHORTDESC='Conservative source port'
PACKAGE_SHORTNAME='Chocolate'
PACKAGE_STRING='Chocolate Doom 2.2.1'
PACKAGE_TARNAME='chocolate-doom'
PACKAGE_URL='http://www.chocolate-doom.org/'
PACKAGE_VERSION='2.2.1'
PATH_SEPARATOR=':'
PROGRAM_PREFIX='chocolate-'
RANLIB='ranlib'
SDLMIXER_CFLAGS=''
SDLMIXER_LIBS=' -lSDL_mixer'
SDLNET_CFLAGS=''
SDLNET_LIBS=' -lSDL_net'
SET_MAKE=''
SHELL='/bin/bash'
STRIP='strip'
VERSION='2.2.1'
WINDOWS_RC_VERSION='2, 2, 1, 0'
WINDRES=''
ac_aux_dir='./autotools/'
ac_ct_CC=''
am__EXEEXT_FALSE=''
am__EXEEXT_TRUE='#'
am__fastdepCC_FALSE='#'
am__fastdepCC_TRUE=''
am__include='include'
am__isrc=''
am__leading_dot='.'
am__nodep='_no'
am__quote=''
am__tar='$${TAR-tar} chof - "$$tardir"'
am__untar='$${TAR-tar} xf -'
bindir='${exec_prefix}/bin'
build_alias=''
datadir='${datarootdir}'
datarootdir='${prefix}/share'
docdir='${datarootdir}/doc/${PACKAGE_TARNAME}'
dvidir='${docdir}'
exec_prefix='${prefix}'
host_alias='--host-alias'
htmldir='${docdir}'
includedir='${prefix}/include'
infodir='${datarootdir}/info'
install_sh='${SHELL} /src/autotools/install-sh'
libdir='${exec_prefix}/lib'
libexecdir='${exec_prefix}/libexec'
localedir='${datarootdir}/locale'
localstatedir='${prefix}/var'
mandir='${datarootdir}/man'
mkdir_p='$(MKDIR_P)'
oldincludedir='/usr/include'
pdfdir='${docdir}'
prefix='/usr/local'
program_transform_name='s,x,x,'
psdir='${docdir}'
runstatedir='${localstatedir}/run'
sbindir='${exec_prefix}/sbin'
sharedstatedir='${prefix}/com'
sysconfdir='${prefix}/etc'
target_alias=''

## ----------- ##
## confdefs.h. ##
## ----------- ##

/* confdefs.h */
#define PACKAGE_NAME "Chocolate Doom"
#define PACKAGE_TARNAME "chocolate-doom"
#define PACKAGE_VERSION "2.2.1"
#define PACKAGE_STRING "Chocolate Doom 2.2.1"
#define PACKAGE_BUGREPORT "fraggle@gmail.com"
#define PACKAGE_URL ""
#define HAVE_STDIO_H 1
#define HAVE_STDLIB_H 1
#define HAVE_STRING_H 1
#define HAVE_INTTYPES_H 1
#define HAVE_STDINT_H 1
#define HAVE_STRINGS_H 1
#define HAVE_SYS_STAT_H 1
#define HAVE_SYS_TYPES_H 1
#define HAVE_UNISTD_H 1
#define STDC_HEADERS 1
#define HAVE_LIBZ 1
#define HAVE_LIBPNG 1
#define HAVE_LIBM 1
#define HAVE_LINUX_KD_H 1
#define HAVE_MMAP 1
#define HAVE_IOPERM 1
#define PACKAGE "chocolate-doom"
#define VERSION "2.2.1"
#define PROGRAM_PREFIX "chocolate-"

configure: exit 0
